<?xml version="1.0" encoding="UTF-8"?>
<TestRun id="f84fd9ac-0985-4382-a20c-b37da89c2517" name="Vladimir@VLADIMIR-PC 2016-12-23 13:55:15" runUser="Vladimir-PC\Vladimir" xmlns="http://microsoft.com/schemas/VisualStudio/TeamTest/2010">
  <TestSettings name="Локальные" id="2d257222-2a9f-40e2-bef8-b16aafb5583c">
    <Description>Это - параметры по умолчанию для локального тестового запуска.</Description>
    <Deployment enabled="false" runDeploymentRoot="Vladimir_VLADIMIR-PC 2016-12-23 13_55_15">
      <DeploymentItem filename="C:\Users\Vladimir\Desktop\БАРКОВ\CryptoLibrary\CryptoLibrary\bin\Debug\CryptoLibrary.dll" />
    </Deployment>
    <Execution>
      <TestTypeSpecific />
      <AgentRule name="Execution Agents">
      </AgentRule>
    </Execution>
  </TestSettings>
  <Times creation="2016-12-23T13:55:15.9863955+03:00" queuing="2016-12-23T13:55:17.4304781+03:00" start="2016-12-23T13:55:17.4654801+03:00" finish="2016-12-23T13:55:17.8825040+03:00" />
  <ResultSummary outcome="Completed">
    <Counters total="7" executed="7" passed="7" error="0" failed="0" timeout="0" aborted="0" inconclusive="0" passedButRunAborted="0" notRunnable="0" notExecuted="0" disconnected="0" warning="0" completed="0" inProgress="0" pending="0" />
  </ResultSummary>
  <TestDefinitions>
    <UnitTest name="EncryptDecryptShortStringElGamal" storage="c:\users\vladimir\desktop\барков\cryptolibrary\cryptolibrary.tests\bin\debug\cryptolibrary.md5test.dll" id="302c72cd-3cc0-89f7-058d-c9f35f2c78cb">
      <Execution id="1c5aceea-a52c-42f7-aeb6-45cfa9c7caac" />
      <TestMethod codeBase="C:/Users/Vladimir/Desktop/БАРКОВ/CryptoLibrary/CryptoLibrary.Tests/bin/Debug/CryptoLibrary.MD5Test.DLL" adapterTypeName="Microsoft.VisualStudio.TestTools.TestTypes.Unit.UnitTestAdapter, Microsoft.VisualStudio.QualityTools.Tips.UnitTest.Adapter, Version=10.0.0.0, Culture=neutral, PublicKeyToken=b03f5f7f11d50a3a" className="CryptoLibrary.MD5Test.ElGamalTest, CryptoLibrary.MD5Test, Version=1.0.0.0, Culture=neutral, PublicKeyToken=null" name="EncryptDecryptShortStringElGamal" />
    </UnitTest>
    <UnitTest name="EncryptOtherLibEquals" storage="c:\users\vladimir\desktop\барков\cryptolibrary\cryptolibrary.tests\bin\debug\cryptolibrary.md5test.dll" id="5f8a3b08-fe7d-8ff6-c168-465733035a19">
      <Execution id="a90aea56-00a8-4b7b-af76-b089a762f7e2" />
      <TestMethod codeBase="C:/Users/Vladimir/Desktop/БАРКОВ/CryptoLibrary/CryptoLibrary.Tests/bin/Debug/CryptoLibrary.MD5Test.DLL" adapterTypeName="Microsoft.VisualStudio.TestTools.TestTypes.Unit.UnitTestAdapter, Microsoft.VisualStudio.QualityTools.Tips.UnitTest.Adapter, Version=10.0.0.0, Culture=neutral, PublicKeyToken=b03f5f7f11d50a3a" className="CryptoLibrary.MD5Test.GhostTest, CryptoLibrary.MD5Test, Version=1.0.0.0, Culture=neutral, PublicKeyToken=null" name="EncryptOtherLibEquals" />
    </UnitTest>
    <UnitTest name="EncryptDecryptDifferentLength" storage="c:\users\vladimir\desktop\барков\cryptolibrary\cryptolibrary.tests\bin\debug\cryptolibrary.md5test.dll" id="f3f80de4-0bd1-8fa8-1b74-56d6f8ec74e0">
      <Execution id="17c4d8e4-206b-4885-a25d-0eba8909bea6" />
      <TestMethod codeBase="C:/Users/Vladimir/Desktop/БАРКОВ/CryptoLibrary/CryptoLibrary.Tests/bin/Debug/CryptoLibrary.MD5Test.DLL" adapterTypeName="Microsoft.VisualStudio.TestTools.TestTypes.Unit.UnitTestAdapter, Microsoft.VisualStudio.QualityTools.Tips.UnitTest.Adapter, Version=10.0.0.0, Culture=neutral, PublicKeyToken=b03f5f7f11d50a3a" className="CryptoLibrary.MD5Test.GhostTest, CryptoLibrary.MD5Test, Version=1.0.0.0, Culture=neutral, PublicKeyToken=null" name="EncryptDecryptDifferentLength" />
    </UnitTest>
    <UnitTest name="EncryptDecryptEqualsElGamal" storage="c:\users\vladimir\desktop\барков\cryptolibrary\cryptolibrary.tests\bin\debug\cryptolibrary.md5test.dll" id="08dc326f-08f9-b97f-4a06-d92747abf8ba">
      <Execution id="9d77122c-9d4d-4ef7-9f63-765819e905c4" />
      <TestMethod codeBase="C:/Users/Vladimir/Desktop/БАРКОВ/CryptoLibrary/CryptoLibrary.Tests/bin/Debug/CryptoLibrary.MD5Test.DLL" adapterTypeName="Microsoft.VisualStudio.TestTools.TestTypes.Unit.UnitTestAdapter, Microsoft.VisualStudio.QualityTools.Tips.UnitTest.Adapter, Version=10.0.0.0, Culture=neutral, PublicKeyToken=b03f5f7f11d50a3a" className="CryptoLibrary.MD5Test.ElGamalTest, CryptoLibrary.MD5Test, Version=1.0.0.0, Culture=neutral, PublicKeyToken=null" name="EncryptDecryptEqualsElGamal" />
    </UnitTest>
    <UnitTest name="EncryptDecriptEquals" storage="c:\users\vladimir\desktop\барков\cryptolibrary\cryptolibrary.tests\bin\debug\cryptolibrary.md5test.dll" id="d063c4ea-1c4e-ab06-4fee-34d4fc56fbd4">
      <Execution id="a47dcd9c-f332-4a95-a9b5-d57b5f56b885" />
      <TestMethod codeBase="C:/Users/Vladimir/Desktop/БАРКОВ/CryptoLibrary/CryptoLibrary.Tests/bin/Debug/CryptoLibrary.MD5Test.DLL" adapterTypeName="Microsoft.VisualStudio.TestTools.TestTypes.Unit.UnitTestAdapter, Microsoft.VisualStudio.QualityTools.Tips.UnitTest.Adapter, Version=10.0.0.0, Culture=neutral, PublicKeyToken=b03f5f7f11d50a3a" className="CryptoLibrary.MD5Test.GhostTest, CryptoLibrary.MD5Test, Version=1.0.0.0, Culture=neutral, PublicKeyToken=null" name="EncryptDecriptEquals" />
    </UnitTest>
    <UnitTest name="EncryptDecryptMD5" storage="c:\users\vladimir\desktop\барков\cryptolibrary\cryptolibrary.tests\bin\debug\cryptolibrary.md5test.dll" id="4af888af-a773-4a38-b045-1b4ef84d010f">
      <Execution id="44ae3c76-3041-4bde-b827-88b9dbf76f41" />
      <TestMethod codeBase="C:/Users/Vladimir/Desktop/БАРКОВ/CryptoLibrary/CryptoLibrary.Tests/bin/Debug/CryptoLibrary.MD5Test.DLL" adapterTypeName="Microsoft.VisualStudio.TestTools.TestTypes.Unit.UnitTestAdapter, Microsoft.VisualStudio.QualityTools.Tips.UnitTest.Adapter, Version=10.0.0.0, Culture=neutral, PublicKeyToken=b03f5f7f11d50a3a" className="CryptoLibrary.Tests.MD5Test, CryptoLibrary.MD5Test, Version=1.0.0.0, Culture=neutral, PublicKeyToken=null" name="EncryptDecryptMD5" />
    </UnitTest>
    <UnitTest name="EncryptDecryptLongStringElGamal" storage="c:\users\vladimir\desktop\барков\cryptolibrary\cryptolibrary.tests\bin\debug\cryptolibrary.md5test.dll" id="2f538d63-45cb-cccd-62e4-d2b6b3a05e9a">
      <Execution id="e9c9360e-1d75-40cd-ac96-68b1c0f8a79f" />
      <TestMethod codeBase="C:/Users/Vladimir/Desktop/БАРКОВ/CryptoLibrary/CryptoLibrary.Tests/bin/Debug/CryptoLibrary.MD5Test.DLL" adapterTypeName="Microsoft.VisualStudio.TestTools.TestTypes.Unit.UnitTestAdapter, Microsoft.VisualStudio.QualityTools.Tips.UnitTest.Adapter, Version=10.0.0.0, Culture=neutral, PublicKeyToken=b03f5f7f11d50a3a" className="CryptoLibrary.MD5Test.ElGamalTest, CryptoLibrary.MD5Test, Version=1.0.0.0, Culture=neutral, PublicKeyToken=null" name="EncryptDecryptLongStringElGamal" />
    </UnitTest>
  </TestDefinitions>
  <TestLists>
    <TestList name="Отсутствующие в списке результаты" id="8c84fa94-04c1-424b-9868-57a2d4851a1d" />
    <TestList name="Все загруженные результаты" id="19431567-8539-422a-85d7-44ee4e166bda" />
  </TestLists>
  <TestEntries>
    <TestEntry testId="08dc326f-08f9-b97f-4a06-d92747abf8ba" executionId="9d77122c-9d4d-4ef7-9f63-765819e905c4" testListId="8c84fa94-04c1-424b-9868-57a2d4851a1d" />
    <TestEntry testId="2f538d63-45cb-cccd-62e4-d2b6b3a05e9a" executionId="e9c9360e-1d75-40cd-ac96-68b1c0f8a79f" testListId="8c84fa94-04c1-424b-9868-57a2d4851a1d" />
    <TestEntry testId="302c72cd-3cc0-89f7-058d-c9f35f2c78cb" executionId="1c5aceea-a52c-42f7-aeb6-45cfa9c7caac" testListId="8c84fa94-04c1-424b-9868-57a2d4851a1d" />
    <TestEntry testId="4af888af-a773-4a38-b045-1b4ef84d010f" executionId="44ae3c76-3041-4bde-b827-88b9dbf76f41" testListId="8c84fa94-04c1-424b-9868-57a2d4851a1d" />
    <TestEntry testId="5f8a3b08-fe7d-8ff6-c168-465733035a19" executionId="a90aea56-00a8-4b7b-af76-b089a762f7e2" testListId="8c84fa94-04c1-424b-9868-57a2d4851a1d" />
    <TestEntry testId="d063c4ea-1c4e-ab06-4fee-34d4fc56fbd4" executionId="a47dcd9c-f332-4a95-a9b5-d57b5f56b885" testListId="8c84fa94-04c1-424b-9868-57a2d4851a1d" />
    <TestEntry testId="f3f80de4-0bd1-8fa8-1b74-56d6f8ec74e0" executionId="17c4d8e4-206b-4885-a25d-0eba8909bea6" testListId="8c84fa94-04c1-424b-9868-57a2d4851a1d" />
  </TestEntries>
  <Results>
    <UnitTestResult executionId="9d77122c-9d4d-4ef7-9f63-765819e905c4" testId="08dc326f-08f9-b97f-4a06-d92747abf8ba" testName="EncryptDecryptEqualsElGamal" computerName="VLADIMIR-PC" duration="00:00:00.0136533" startTime="2016-12-23T13:55:17.4734806+03:00" endTime="2016-12-23T13:55:17.8365013+03:00" testType="13cdc9d9-ddb5-4fa4-a97d-d965ccfc6d4b" outcome="Passed" testListId="8c84fa94-04c1-424b-9868-57a2d4851a1d" relativeResultsDirectory="9d77122c-9d4d-4ef7-9f63-765819e905c4">
    </UnitTestResult>
    <UnitTestResult executionId="e9c9360e-1d75-40cd-ac96-68b1c0f8a79f" testId="2f538d63-45cb-cccd-62e4-d2b6b3a05e9a" testName="EncryptDecryptLongStringElGamal" computerName="VLADIMIR-PC" duration="00:00:00.0021014" startTime="2016-12-23T13:55:17.8375014+03:00" endTime="2016-12-23T13:55:17.8425017+03:00" testType="13cdc9d9-ddb5-4fa4-a97d-d965ccfc6d4b" outcome="Passed" testListId="8c84fa94-04c1-424b-9868-57a2d4851a1d" relativeResultsDirectory="e9c9360e-1d75-40cd-ac96-68b1c0f8a79f">
    </UnitTestResult>
    <UnitTestResult executionId="1c5aceea-a52c-42f7-aeb6-45cfa9c7caac" testId="302c72cd-3cc0-89f7-058d-c9f35f2c78cb" testName="EncryptDecryptShortStringElGamal" computerName="VLADIMIR-PC" duration="00:00:00.0006200" startTime="2016-12-23T13:55:17.8435017+03:00" endTime="2016-12-23T13:55:17.8465019+03:00" testType="13cdc9d9-ddb5-4fa4-a97d-d965ccfc6d4b" outcome="Passed" testListId="8c84fa94-04c1-424b-9868-57a2d4851a1d" relativeResultsDirectory="1c5aceea-a52c-42f7-aeb6-45cfa9c7caac">
    </UnitTestResult>
    <UnitTestResult executionId="44ae3c76-3041-4bde-b827-88b9dbf76f41" testId="4af888af-a773-4a38-b045-1b4ef84d010f" testName="EncryptDecryptMD5" computerName="VLADIMIR-PC" duration="00:00:00.0026911" startTime="2016-12-23T13:55:17.8485020+03:00" endTime="2016-12-23T13:55:17.8525022+03:00" testType="13cdc9d9-ddb5-4fa4-a97d-d965ccfc6d4b" outcome="Passed" testListId="8c84fa94-04c1-424b-9868-57a2d4851a1d" relativeResultsDirectory="44ae3c76-3041-4bde-b827-88b9dbf76f41">
    </UnitTestResult>
    <UnitTestResult executionId="a90aea56-00a8-4b7b-af76-b089a762f7e2" testId="5f8a3b08-fe7d-8ff6-c168-465733035a19" testName="EncryptOtherLibEquals" computerName="VLADIMIR-PC" duration="00:00:00.0018273" startTime="2016-12-23T13:55:17.8545024+03:00" endTime="2016-12-23T13:55:17.8585026+03:00" testType="13cdc9d9-ddb5-4fa4-a97d-d965ccfc6d4b" outcome="Passed" testListId="8c84fa94-04c1-424b-9868-57a2d4851a1d" relativeResultsDirectory="a90aea56-00a8-4b7b-af76-b089a762f7e2">
    </UnitTestResult>
    <UnitTestResult executionId="a47dcd9c-f332-4a95-a9b5-d57b5f56b885" testId="d063c4ea-1c4e-ab06-4fee-34d4fc56fbd4" testName="EncryptDecriptEquals" computerName="VLADIMIR-PC" duration="00:00:00.0009200" startTime="2016-12-23T13:55:17.8595026+03:00" endTime="2016-12-23T13:55:17.8625028+03:00" testType="13cdc9d9-ddb5-4fa4-a97d-d965ccfc6d4b" outcome="Passed" testListId="8c84fa94-04c1-424b-9868-57a2d4851a1d" relativeResultsDirectory="a47dcd9c-f332-4a95-a9b5-d57b5f56b885">
    </UnitTestResult>
    <UnitTestResult executionId="17c4d8e4-206b-4885-a25d-0eba8909bea6" testId="f3f80de4-0bd1-8fa8-1b74-56d6f8ec74e0" testName="EncryptDecryptDifferentLength" computerName="VLADIMIR-PC" duration="00:00:00.0004668" startTime="2016-12-23T13:55:17.8635029+03:00" endTime="2016-12-23T13:55:17.8665030+03:00" testType="13cdc9d9-ddb5-4fa4-a97d-d965ccfc6d4b" outcome="Passed" testListId="8c84fa94-04c1-424b-9868-57a2d4851a1d" relativeResultsDirectory="17c4d8e4-206b-4885-a25d-0eba8909bea6">
    </UnitTestResult>
  </Results>
</TestRun>