<?xml version="1.0" encoding="UTF-8"?>
<TestRun id="4c0bcebe-d5a5-4bda-bd04-3fceee92eee0" name="Vladimir@VLADIMIR-PC 2016-12-23 00:11:13" runUser="Vladimir-PC\Vladimir" xmlns="http://microsoft.com/schemas/VisualStudio/TeamTest/2010">
  <TestSettings name="Локальные" id="2d257222-2a9f-40e2-bef8-b16aafb5583c">
    <Description>Это - параметры по умолчанию для локального тестового запуска.</Description>
    <Deployment enabled="false" runDeploymentRoot="Vladimir_VLADIMIR-PC 2016-12-23 00_11_13">
      <DeploymentItem filename="C:\Users\Vladimir\Desktop\БАРКОВ\CryptoLibrary\CryptoLibrary\bin\Debug\CryptoLibrary.dll" />
    </Deployment>
    <Execution>
      <TestTypeSpecific />
      <AgentRule name="Execution Agents">
      </AgentRule>
    </Execution>
  </TestSettings>
  <Times creation="2016-12-23T00:11:13.3064907+03:00" queuing="2016-12-23T00:11:18.4997877+03:00" start="2016-12-23T00:11:18.6337954+03:00" finish="2016-12-23T00:11:29.8404364+03:00" />
  <ResultSummary outcome="Error">
    <Counters total="5" executed="1" error="0" failed="0" timeout="0" aborted="1" inconclusive="0" passedButRunAborted="0" notRunnable="0" notExecuted="4" disconnected="0" warning="0" passed="0" completed="0" inProgress="0" pending="0" />
    <RunInfos>
      <RunInfo computerName="VLADIMIR-PC" outcome="Error" timestamp="2016-12-23T00:11:29.8384363+03:00">
        <Text>Test host process exited unexpectedly.</Text>
      </RunInfo>
    </RunInfos>
  </ResultSummary>
  <TestDefinitions>
    <UnitTest name="EncryptDecryptLongStringElGamal" storage="c:\users\vladimir\desktop\барков\cryptolibrary\cryptolibrary.md5test\bin\debug\cryptolibrary.md5test.dll" id="2f538d63-45cb-cccd-62e4-d2b6b3a05e9a">
      <Execution id="6d131d5b-4898-42c2-92b3-15a003400d1a" />
      <TestMethod codeBase="C:/Users/Vladimir/Desktop/БАРКОВ/CryptoLibrary/CryptoLibrary.MD5Test/bin/Debug/CryptoLibrary.MD5Test.DLL" adapterTypeName="Microsoft.VisualStudio.TestTools.TestTypes.Unit.UnitTestAdapter, Microsoft.VisualStudio.QualityTools.Tips.UnitTest.Adapter, Version=10.0.0.0, Culture=neutral, PublicKeyToken=b03f5f7f11d50a3a" className="CryptoLibrary.MD5Test.ElGamalTest, CryptoLibrary.MD5Test, Version=1.0.0.0, Culture=neutral, PublicKeyToken=null" name="EncryptDecryptLongStringElGamal" />
    </UnitTest>
    <UnitTest name="EncryptDecryptMD5" storage="c:\users\vladimir\desktop\барков\cryptolibrary\cryptolibrary.md5test\bin\debug\cryptolibrary.md5test.dll" id="4af888af-a773-4a38-b045-1b4ef84d010f">
      <Execution id="eb9b2f70-7dcd-42ca-9bfa-f5840e59751a" />
      <TestMethod codeBase="C:/Users/Vladimir/Desktop/БАРКОВ/CryptoLibrary/CryptoLibrary.MD5Test/bin/Debug/CryptoLibrary.MD5Test.DLL" adapterTypeName="Microsoft.VisualStudio.TestTools.TestTypes.Unit.UnitTestAdapter, Microsoft.VisualStudio.QualityTools.Tips.UnitTest.Adapter, Version=10.0.0.0, Culture=neutral, PublicKeyToken=b03f5f7f11d50a3a" className="CryptoLibrary.Tests.MD5Test, CryptoLibrary.MD5Test, Version=1.0.0.0, Culture=neutral, PublicKeyToken=null" name="EncryptDecryptMD5" />
    </UnitTest>
    <UnitTest name="TestEncodeBlock" storage="c:\users\vladimir\desktop\барков\cryptolibrary\cryptolibrary.md5test\bin\debug\cryptolibrary.md5test.dll" id="f13c42da-296c-c130-605a-444bac01c014">
      <Execution id="c42a48a5-775d-48e2-88a8-adc3e2b9e3c5" />
      <TestMethod codeBase="C:/Users/Vladimir/Desktop/БАРКОВ/CryptoLibrary/CryptoLibrary.MD5Test/bin/Debug/CryptoLibrary.MD5Test.DLL" adapterTypeName="Microsoft.VisualStudio.TestTools.TestTypes.Unit.UnitTestAdapter, Microsoft.VisualStudio.QualityTools.Tips.UnitTest.Adapter, Version=10.0.0.0, Culture=neutral, PublicKeyToken=b03f5f7f11d50a3a" className="CryptoLibrary.Tests.AESTest, CryptoLibrary.MD5Test, Version=1.0.0.0, Culture=neutral, PublicKeyToken=null" name="TestEncodeBlock" />
    </UnitTest>
    <UnitTest name="EncryptDecryptShortStringElGamal" storage="c:\users\vladimir\desktop\барков\cryptolibrary\cryptolibrary.md5test\bin\debug\cryptolibrary.md5test.dll" id="302c72cd-3cc0-89f7-058d-c9f35f2c78cb">
      <Execution id="563fcb47-b2c4-4575-a10e-935901c950f4" />
      <TestMethod codeBase="C:/Users/Vladimir/Desktop/БАРКОВ/CryptoLibrary/CryptoLibrary.MD5Test/bin/Debug/CryptoLibrary.MD5Test.DLL" adapterTypeName="Microsoft.VisualStudio.TestTools.TestTypes.Unit.UnitTestAdapter, Microsoft.VisualStudio.QualityTools.Tips.UnitTest.Adapter, Version=10.0.0.0, Culture=neutral, PublicKeyToken=b03f5f7f11d50a3a" className="CryptoLibrary.MD5Test.ElGamalTest, CryptoLibrary.MD5Test, Version=1.0.0.0, Culture=neutral, PublicKeyToken=null" name="EncryptDecryptShortStringElGamal" />
    </UnitTest>
    <UnitTest name="EncryptDecryptEqualsElGamal" storage="c:\users\vladimir\desktop\барков\cryptolibrary\cryptolibrary.md5test\bin\debug\cryptolibrary.md5test.dll" id="08dc326f-08f9-b97f-4a06-d92747abf8ba">
      <Execution id="111b2ad6-da6e-4d42-b7b7-0a27745b9ca8" />
      <TestMethod codeBase="C:/Users/Vladimir/Desktop/БАРКОВ/CryptoLibrary/CryptoLibrary.MD5Test/bin/Debug/CryptoLibrary.MD5Test.DLL" adapterTypeName="Microsoft.VisualStudio.TestTools.TestTypes.Unit.UnitTestAdapter, Microsoft.VisualStudio.QualityTools.Tips.UnitTest.Adapter, Version=10.0.0.0, Culture=neutral, PublicKeyToken=b03f5f7f11d50a3a" className="CryptoLibrary.MD5Test.ElGamalTest, CryptoLibrary.MD5Test, Version=1.0.0.0, Culture=neutral, PublicKeyToken=null" name="EncryptDecryptEqualsElGamal" />
    </UnitTest>
  </TestDefinitions>
  <TestLists>
    <TestList name="Отсутствующие в списке результаты" id="8c84fa94-04c1-424b-9868-57a2d4851a1d" />
    <TestList name="Все загруженные результаты" id="19431567-8539-422a-85d7-44ee4e166bda" />
  </TestLists>
  <TestEntries>
    <TestEntry testId="08dc326f-08f9-b97f-4a06-d92747abf8ba" executionId="111b2ad6-da6e-4d42-b7b7-0a27745b9ca8" testListId="8c84fa94-04c1-424b-9868-57a2d4851a1d" />
    <TestEntry testId="2f538d63-45cb-cccd-62e4-d2b6b3a05e9a" executionId="6d131d5b-4898-42c2-92b3-15a003400d1a" testListId="8c84fa94-04c1-424b-9868-57a2d4851a1d" />
    <TestEntry testId="302c72cd-3cc0-89f7-058d-c9f35f2c78cb" executionId="563fcb47-b2c4-4575-a10e-935901c950f4" testListId="8c84fa94-04c1-424b-9868-57a2d4851a1d" />
    <TestEntry testId="4af888af-a773-4a38-b045-1b4ef84d010f" executionId="eb9b2f70-7dcd-42ca-9bfa-f5840e59751a" testListId="8c84fa94-04c1-424b-9868-57a2d4851a1d" />
    <TestEntry testId="f13c42da-296c-c130-605a-444bac01c014" executionId="c42a48a5-775d-48e2-88a8-adc3e2b9e3c5" testListId="8c84fa94-04c1-424b-9868-57a2d4851a1d" />
  </TestEntries>
  <Results>
    <UnitTestResult executionId="111b2ad6-da6e-4d42-b7b7-0a27745b9ca8" testId="08dc326f-08f9-b97f-4a06-d92747abf8ba" testName="EncryptDecryptEqualsElGamal" computerName="VLADIMIR-PC" duration="00:00:11.0146300" startTime="2016-12-23T00:11:18.8258064+03:00" endTime="2016-12-23T00:11:29.8404364+03:00" testType="13cdc9d9-ddb5-4fa4-a97d-d965ccfc6d4b" outcome="Aborted" testListId="8c84fa94-04c1-424b-9868-57a2d4851a1d" relativeResultsDirectory="111b2ad6-da6e-4d42-b7b7-0a27745b9ca8">
    </UnitTestResult>
    <UnitTestResult executionId="6d131d5b-4898-42c2-92b3-15a003400d1a" testId="2f538d63-45cb-cccd-62e4-d2b6b3a05e9a" testName="EncryptDecryptLongStringElGamal" computerName="VLADIMIR-PC" testType="13cdc9d9-ddb5-4fa4-a97d-d965ccfc6d4b" outcome="NotExecuted" testListId="8c84fa94-04c1-424b-9868-57a2d4851a1d" relativeResultsDirectory="6d131d5b-4898-42c2-92b3-15a003400d1a">
    </UnitTestResult>
    <UnitTestResult executionId="563fcb47-b2c4-4575-a10e-935901c950f4" testId="302c72cd-3cc0-89f7-058d-c9f35f2c78cb" testName="EncryptDecryptShortStringElGamal" computerName="VLADIMIR-PC" testType="13cdc9d9-ddb5-4fa4-a97d-d965ccfc6d4b" outcome="NotExecuted" testListId="8c84fa94-04c1-424b-9868-57a2d4851a1d" relativeResultsDirectory="563fcb47-b2c4-4575-a10e-935901c950f4">
    </UnitTestResult>
    <UnitTestResult executionId="eb9b2f70-7dcd-42ca-9bfa-f5840e59751a" testId="4af888af-a773-4a38-b045-1b4ef84d010f" testName="EncryptDecryptMD5" computerName="VLADIMIR-PC" testType="13cdc9d9-ddb5-4fa4-a97d-d965ccfc6d4b" outcome="NotExecuted" testListId="8c84fa94-04c1-424b-9868-57a2d4851a1d" relativeResultsDirectory="eb9b2f70-7dcd-42ca-9bfa-f5840e59751a">
    </UnitTestResult>
    <UnitTestResult executionId="c42a48a5-775d-48e2-88a8-adc3e2b9e3c5" testId="f13c42da-296c-c130-605a-444bac01c014" testName="TestEncodeBlock" computerName="VLADIMIR-PC" testType="13cdc9d9-ddb5-4fa4-a97d-d965ccfc6d4b" outcome="NotExecuted" testListId="8c84fa94-04c1-424b-9868-57a2d4851a1d" relativeResultsDirectory="c42a48a5-775d-48e2-88a8-adc3e2b9e3c5">
    </UnitTestResult>
  </Results>
</TestRun>